<?xml version="1.0" encoding="UTF-8"?>
<!-- Generated by org.testng.reporters.JUnitReportReporter -->
<testsuite skipped="1" hostname="ip-172-31-31-82" name="testcases.CreditCardTest" tests="2" failures="0" timestamp="16 Apr 2023 05:20:10 GMT" time="0.001" errors="0">
  <testcase name="test" time="0.001" classname="testcases.CreditCardTest"/>
  <testcase name="test1" classname="testcases.CreditCardTest">
    <skipped/>
  </testcase> <!-- test1 -->
</testsuite> <!-- testcases.CreditCardTest -->
