<?xml version="1.0" encoding="UTF-8"?>
<!-- Generated by org.testng.reporters.JUnitReportReporter -->
<testsuite skipped="0" hostname="ip-172-31-31-82" name="testcases.CarLoanTest" tests="2" failures="0" timestamp="16 Apr 2023 05:20:10 GMT" time="0.002" errors="0">
  <testcase name="test1" time="0.001" classname="testcases.CarLoanTest"/>
  <testcase name="test" time="0.001" classname="testcases.CarLoanTest"/>
</testsuite> <!-- testcases.CarLoanTest -->
