<?xml version="1.0" encoding="UTF-8"?>
<!-- Generated by org.testng.reporters.JUnitReportReporter -->
<testsuite skipped="1" hostname="ip-172-31-31-82" name="testcases.CreditCardTest" tests="2" failures="0" timestamp="16 Apr 2023 05:22:49 GMT" time="0.000" errors="0">
  <testcase name="test" time="0.000" classname="testcases.CreditCardTest"/>
  <testcase name="test1" classname="testcases.CreditCardTest">
    <skipped/>
  </testcase> <!-- test1 -->
</testsuite> <!-- testcases.CreditCardTest -->
